AH00558: httpd.exe: Could not reliably determine the server's fully qualified domain name, using fe80::d92c:ad40:be1:d3d0. Set the 'ServerName' directive globally to suppress this message
[Tue Sep 03 13:57:37.481030 2024] [mpm_winnt:notice] [pid 15136:tid 424] AH00455: Apache/2.4.62 (Win64) PHP/8.3.11 configured -- resuming normal operations
[Tue Sep 03 13:57:37.481030 2024] [mpm_winnt:notice] [pid 15136:tid 424] AH00456: Apache Lounge VS17 Server built: Jul 16 2024 12:23:10
[Tue Sep 03 13:57:37.481030 2024] [core:notice] [pid 15136:tid 424] AH00094: Command line: '.\\httpd.exe -d C:/Users/Nikolas/Apache24'
[Tue Sep 03 13:57:37.485030 2024] [mpm_winnt:notice] [pid 15136:tid 424] AH00418: Parent: Created child process 10656
AH00558: httpd.exe: Could not reliably determine the server's fully qualified domain name, using fe80::d92c:ad40:be1:d3d0. Set the 'ServerName' directive globally to suppress this message
Apache server shutdown initiated...
ly determine the server's fully qualified domain name, using fe80::d92c:ad40:be1:d3d0. Set the 'ServerName' directive globally to suppress this message
[Tue Sep 03 13:57:37.723033 2024] [mpm_winnt:notice] [pid 10656:tid 428] AH00354: Child: Starting 64 worker threads.
[Tue Sep 03 13:58:38.492137 2024] [mpm_winnt:notice] [pid 15136:tid 424] AH00422: Parent: Received shutdown signal -- Shutting down the server.
AH00558: httpd.exe: Could not reliably determine the server's fully qualified domain name, using fe80::d92c:ad40:be1:d3d0. Set the 'ServerName' directive globally to suppress this message
[Tue Sep 03 13:58:46.660343 2024] [core:warn] [pid 7500:tid 424] AH00098: pid file C:/Users/Nikolas/Apache24/logs/httpd.pid overwritten -- Unclean shutdown of previous Apache run?
[Tue Sep 03 13:58:46.676342 2024] [mpm_winnt:notice] [pid 7500:tid 424] AH00455: Apache/2.4.62 (Win64) PHP/8.3.11 configured -- resuming normal operations
[Tue Sep 03 13:58:46.676342 2024] [mpm_winnt:notice] [pid 7500:tid 424] AH00456: Apache Lounge VS17 Server built: Jul 16 2024 12:23:10
[Tue Sep 03 13:58:46.676342 2024] [core:notice] [pid 7500:tid 424] AH00094: Command line: 'C:\\Users\\Nikolas\\Apache24\\bin\\httpd.exe -d C:/Users/Nikolas/Apache24'
[Tue Sep 03 13:58:46.680379 2024] [mpm_winnt:notice] [pid 7500:tid 424] AH00418: Parent: Created child process 4508
AH00558: httpd.exe: Could not reliably determine the server's fully qualified domain name, using fe80::d92c:ad40:be1:d3d0. Set the 'ServerName' directive globally to suppress this message
Apache server shutdown initiated...
ly determine the server's fully qualified domain name, using fe80::d92c:ad40:be1:d3d0. Set the 'ServerName' directive globally to suppress this message
[Tue Sep 03 13:58:46.906606 2024] [mpm_winnt:notice] [pid 4508:tid 428] AH00354: Child: Starting 64 worker threads.
[Tue Sep 03 13:58:48.468658 2024] [mpm_winnt:notice] [pid 7500:tid 424] AH00422: Parent: Received shutdown signal -- Shutting down the server.
[Tue Sep 03 13:58:50.480326 2024] [mpm_winnt:notice] [pid 4508:tid 428] AH00364: Child: All worker threads have exited.
[Tue Sep 03 13:58:50.500086 2024] [mpm_winnt:notice] [pid 7500:tid 424] AH00430: Parent: Child process 4508 exited successfully.
[Tue Sep 03 13:59:10.588015 2024] [mpm_winnt:notice] [pid 10656:tid 428] AH00364: Child: All worker threads have exited.
AH00558: httpd.exe: Could not reliably determine the server's fully qualified domain name, using fe80::d92c:ad40:be1:d3d0. Set the 'ServerName' directive globally to suppress this message
[Tue Sep 03 14:00:52.164855 2024] [mpm_winnt:notice] [pid 14772:tid 404] AH00455: Apache/2.4.62 (Win64) PHP/8.3.11 configured -- resuming normal operations
[Tue Sep 03 14:00:52.164855 2024] [mpm_winnt:notice] [pid 14772:tid 404] AH00456: Apache Lounge VS17 Server built: Jul 16 2024 12:23:10
[Tue Sep 03 14:00:52.164855 2024] [core:notice] [pid 14772:tid 404] AH00094: Command line: 'C:\\Users\\Nikolas\\Apache24\\bin\\httpd.exe -d C:/Users/Nikolas/Apache24'
[Tue Sep 03 14:00:52.168854 2024] [mpm_winnt:notice] [pid 14772:tid 404] AH00418: Parent: Created child process 13952
AH00558: httpd.exe: Could not reliably determine the server's fully qualified domain name, using fe80::d92c:ad40:be1:d3d0. Set the 'ServerName' directive globally to suppress this message
AH00558: httpd.exe: Could not reliably determine the server's fully qualified domain name, using fe80::d92c:ad40:be1:d3d0. Set the 'ServerName' directive globally to suppress this message
[Tue Sep 03 14:00:52.396627 2024] [mpm_winnt:notice] [pid 13952:tid 424] AH00354: Child: Starting 64 worker threads.
[Wed Sep 04 18:36:47.741318 2024] [mpm_winnt:notice] [pid 14772:tid 404] AH00422: Parent: Received shutdown signal -- Shutting down the server.
[Wed Sep 04 18:36:49.788366 2024] [mpm_winnt:notice] [pid 13952:tid 424] AH00364: Child: All worker threads have exited.
[Wed Sep 04 18:36:49.803992 2024] [mpm_winnt:notice] [pid 14772:tid 404] AH00430: Parent: Child process 13952 exited successfully.
AH00558: httpd.exe: Could not reliably determine the server's fully qualified domain name, using ::1. Set the 'ServerName' directive globally to suppress this message
[Wed Sep 04 18:37:17.970146 2024] [mpm_winnt:notice] [pid 4156:tid 480] AH00455: Apache/2.4.62 (Win64) PHP/8.3.11 configured -- resuming normal operations
[Wed Sep 04 18:37:17.970146 2024] [mpm_winnt:notice] [pid 4156:tid 480] AH00456: Apache Lounge VS17 Server built: Jul 16 2024 12:23:10
[Wed Sep 04 18:37:17.970146 2024] [core:notice] [pid 4156:tid 480] AH00094: Command line: 'C:\\Users\\Nikolas\\Apache24\\bin\\httpd.exe -d C:/Users/Nikolas/Apache24'
[Wed Sep 04 18:37:17.971194 2024] [mpm_winnt:notice] [pid 4156:tid 480] AH00418: Parent: Created child process 6600
AH00558: httpd.exe: Could not reliably determine the server's fully qualified domain name, using ::1. Set the 'ServerName' directive globally to suppress this message
AH00558: httpd.exe: Could not reliably determine the server's fully qualified domain name, using ::1. Set the 'ServerName' directive globally to suppress this message
[Wed Sep 04 18:37:18.231025 2024] [mpm_winnt:notice] [pid 6600:tid 468] AH00354: Child: Starting 64 worker threads.
[Wed Sep 04 22:37:10.086788 2024] [php:error] [pid 6600:tid 1252] [client ::1:55041] PHP Fatal error:  Uncaught Error: Class "TelegramBot\\API\\BotApi" not found in D:\\LOCALHOST\\index.php:2\nStack trace:\n#0 {main}\n  thrown in D:\\LOCALHOST\\index.php on line 2
[Wed Sep 04 22:48:14.721604 2024] [php:error] [pid 6600:tid 1264] [client ::1:55303] PHP Fatal error:  Uncaught Error: Call to undefined function TelegramBot\\Api\\curl_init() in D:\\LOCALHOST\\vendor\\telegram-bot\\api\\src\\BotApi.php:195\nStack trace:\n#0 D:\\LOCALHOST\\vendor\\telegram-bot\\api\\src\\Client.php(49): TelegramBot\\Api\\BotApi->__construct('7472898032:AAG_...')\n#1 D:\\LOCALHOST\\index.php(9): TelegramBot\\Api\\Client->__construct('7472898032:AAG_...')\n#2 {main}\n  thrown in D:\\LOCALHOST\\vendor\\telegram-bot\\api\\src\\BotApi.php on line 195
[Wed Sep 04 23:29:22.004900 2024] [php:error] [pid 6600:tid 1252] [client ::1:56265] PHP Fatal error:  Uncaught Error: Class "TelegramBot\\Api\\src\\Client" not found in D:\\LOCALHOST\\index.php:9\nStack trace:\n#0 {main}\n  thrown in D:\\LOCALHOST\\index.php on line 9
[Wed Sep 04 23:29:56.163014 2024] [php:error] [pid 6600:tid 1264] [client ::1:56266] PHP Fatal error:  Uncaught Error: Class "vendor\\TelegramBot\\Api\\src\\Client" not found in D:\\LOCALHOST\\index.php:9\nStack trace:\n#0 {main}\n  thrown in D:\\LOCALHOST\\index.php on line 9
[Wed Sep 04 23:29:57.354420 2024] [php:error] [pid 6600:tid 1264] [client ::1:56266] PHP Fatal error:  Uncaught Error: Class "vendor\\TelegramBot\\Api\\src\\Client" not found in D:\\LOCALHOST\\index.php:9\nStack trace:\n#0 {main}\n  thrown in D:\\LOCALHOST\\index.php on line 9
[Wed Sep 04 23:30:47.746165 2024] [php:error] [pid 6600:tid 1252] [client ::1:56271] PHP Fatal error:  Uncaught Error: Class "vendor\\TelegramBot\\Api\\Client" not found in D:\\LOCALHOST\\index.php:9\nStack trace:\n#0 {main}\n  thrown in D:\\LOCALHOST\\index.php on line 9
[Wed Sep 04 23:30:48.377547 2024] [php:error] [pid 6600:tid 1252] [client ::1:56271] PHP Fatal error:  Uncaught Error: Class "vendor\\TelegramBot\\Api\\Client" not found in D:\\LOCALHOST\\index.php:9\nStack trace:\n#0 {main}\n  thrown in D:\\LOCALHOST\\index.php on line 9
